# JRE version: OpenJDK Runtime Environment (8.0_131-b11) (build 1.8.0_131-8u131-b11-2ubuntu1.16.04.3-b11)
# Java VM: OpenJDK 64-Bit Server VM (25.131-b11 mixed mode linux-amd64 compressed oops)
Heap:
 PSYoungGen      total 518656K, used 15363K [0x00000000d5580000, 0x00000000f9600000, 0x0000000100000000)
  eden space 446976K, 0% used [0x00000000d5580000,0x00000000d5580000,0x00000000f0a00000)
  from space 71680K, 21% used [0x00000000f0a00000,0x00000000f1900fc0,0x00000000f5000000)
  to   space 66560K, 0% used [0x00000000f5500000,0x00000000f5500000,0x00000000f9600000)
 ParOldGen       total 297984K, used 264999K [0x0000000080000000, 0x0000000092300000, 0x00000000d5580000)
  object space 297984K, 88% used [0x0000000080000000,0x00000000902c9ed0,0x0000000092300000)
 Metaspace       used 102420K, capacity 104751K, committed 105048K, reserved 1136640K
  class space    used 17331K, capacity 17740K, committed 17792K, reserved 1048576K
GC Heap History (10 events):
Event: 60.333 GC heap after
Heap after GC invocations=48 (full 4):
 PSYoungGen      total 438272K, used 16864K [0x00000000d5580000, 0x00000000f5880000, 0x0000000100000000)
  eden space 356352K, 0% used [0x00000000d5580000,0x00000000d5580000,0x00000000eb180000)
  from space 81920K, 20% used [0x00000000f0880000,0x00000000f18f8000,0x00000000f5880000)
  to   space 85504K, 0% used [0x00000000eb180000,0x00000000eb180000,0x00000000f0500000)
 ParOldGen       total 297984K, used 157179K [0x0000000080000000, 0x0000000092300000, 0x00000000d5580000)
  object space 297984K, 52% used [0x0000000080000000,0x000000008997eec0,0x0000000092300000)
 Metaspace       used 98372K, capacity 99923K, committed 100056K, reserved 1132544K
  class space    used 16535K, capacity 16850K, committed 16896K, reserved 1048576K
}
Event: 62.224 GC heap before
{Heap before GC invocations=49 (full 4):
 PSYoungGen      total 438272K, used 373216K [0x00000000d5580000, 0x00000000f5880000, 0x0000000100000000)
  eden space 356352K, 100% used [0x00000000d5580000,0x00000000eb180000,0x00000000eb180000)
  from space 81920K, 20% used [0x00000000f0880000,0x00000000f18f8000,0x00000000f5880000)
  to   space 85504K, 0% used [0x00000000eb180000,0x00000000eb180000,0x00000000f0500000)
 ParOldGen       total 297984K, used 157179K [0x0000000080000000, 0x0000000092300000, 0x00000000d5580000)
  object space 297984K, 52% used [0x0000000080000000,0x000000008997eec0,0x0000000092300000)
 Metaspace       used 98774K, capacity 100459K, committed 100696K, reserved 1132544K
  class space    used 16622K, capacity 16950K, committed 17024K, reserved 1048576K
Event: 62.267 GC heap after
Heap after GC invocations=49 (full 4):
 PSYoungGen      total 441856K, used 19712K [0x00000000d5580000, 0x00000000f7f00000, 0x0000000100000000)
  eden space 356352K, 0% used [0x00000000d5580000,0x00000000d5580000,0x00000000eb180000)
  from space 85504K, 23% used [0x00000000eb180000,0x00000000ec4c0000,0x00000000f0500000)
  to   space 82432K, 0% used [0x00000000f2e80000,0x00000000f2e80000,0x00000000f7f00000)
 ParOldGen       total 297984K, used 173955K [0x0000000080000000, 0x0000000092300000, 0x00000000d5580000)
  object space 297984K, 58% used [0x0000000080000000,0x000000008a9e0ec0,0x0000000092300000)
 Metaspace       used 98774K, capacity 100459K, committed 100696K, reserved 1132544K
  class space    used 16622K, capacity 16950K, committed 17024K, reserved 1048576K
}
Event: 63.512 GC heap before
{Heap before GC invocations=50 (full 4):
 PSYoungGen      total 441856K, used 376064K [0x00000000d5580000, 0x00000000f7f00000, 0x0000000100000000)
  eden space 356352K, 100% used [0x00000000d5580000,0x00000000eb180000,0x00000000eb180000)
  from space 85504K, 23% used [0x00000000eb180000,0x00000000ec4c0000,0x00000000f0500000)
  to   space 82432K, 0% used [0x00000000f2e80000,0x00000000f2e80000,0x00000000f7f00000)
 ParOldGen       total 297984K, used 173955K [0x0000000080000000, 0x0000000092300000, 0x00000000d5580000)
  object space 297984K, 58% used [0x0000000080000000,0x000000008a9e0ec0,0x0000000092300000)
 Metaspace       used 98863K, capacity 100567K, committed 100696K, reserved 1132544K
  class space    used 16632K, capacity 16968K, committed 17024K, reserved 1048576K
Event: 63.555 GC heap after
Heap after GC invocations=50 (full 4):
 PSYoungGen      total 475136K, used 21792K [0x00000000d5580000, 0x00000000f7780000, 0x0000000100000000)
  eden space 400384K, 0% used [0x00000000d5580000,0x00000000d5580000,0x00000000edc80000)
  from space 74752K, 29% used [0x00000000f2e80000,0x00000000f43c8000,0x00000000f7780000)
  to   space 79360K, 0% used [0x00000000edc80000,0x00000000edc80000,0x00000000f2a00000)
 ParOldGen       total 297984K, used 193667K [0x0000000080000000, 0x0000000092300000, 0x00000000d5580000)
  object space 297984K, 64% used [0x0000000080000000,0x000000008bd20ec0,0x0000000092300000)
 Metaspace       used 98863K, capacity 100567K, committed 100696K, reserved 1132544K
  class space    used 16632K, capacity 16968K, committed 17024K, reserved 1048576K
}
Event: 65.134 GC heap before
{Heap before GC invocations=51 (full 4):
 PSYoungGen      total 475136K, used 422176K [0x00000000d5580000, 0x00000000f7780000, 0x0000000100000000)
  eden space 400384K, 100% used [0x00000000d5580000,0x00000000edc80000,0x00000000edc80000)
  from space 74752K, 29% used [0x00000000f2e80000,0x00000000f43c8000,0x00000000f7780000)
  to   space 79360K, 0% used [0x00000000edc80000,0x00000000edc80000,0x00000000f2a00000)
 ParOldGen       total 297984K, used 193667K [0x0000000080000000, 0x0000000092300000, 0x00000000d5580000)
  object space 297984K, 64% used [0x0000000080000000,0x000000008bd20ec0,0x0000000092300000)
 Metaspace       used 98952K, capacity 100727K, committed 100952K, reserved 1132544K
  class space    used 16641K, capacity 16984K, committed 17024K, reserved 1048576K
Event: 65.186 GC heap after
Heap after GC invocations=51 (full 4):
 PSYoungGen      total 479744K, used 24000K [0x00000000d5580000, 0x00000000f9f00000, 0x0000000100000000)
  eden space 400384K, 0% used [0x00000000d5580000,0x00000000d5580000,0x00000000edc80000)
  from space 79360K, 30% used [0x00000000edc80000,0x00000000ef3f0000,0x00000000f2a00000)
  to   space 75776K, 0% used [0x00000000f5500000,0x00000000f5500000,0x00000000f9f00000)
 ParOldGen       total 297984K, used 215435K [0x0000000080000000, 0x0000000092300000, 0x00000000d5580000)
  object space 297984K, 72% used [0x0000000080000000,0x000000008d262ec0,0x0000000092300000)
 Metaspace       used 98952K, capacity 100727K, committed 100952K, reserved 1132544K
  class space    used 16641K, capacity 16984K, committed 17024K, reserved 1048576K
}
Event: 67.532 GC heap before
{Heap before GC invocations=52 (full 4):
 PSYoungGen      total 479744K, used 424384K [0x00000000d5580000, 0x00000000f9f00000, 0x0000000100000000)
  eden space 400384K, 100% used [0x00000000d5580000,0x00000000edc80000,0x00000000edc80000)
  from space 79360K, 30% used [0x00000000edc80000,0x00000000ef3f0000,0x00000000f2a00000)
  to   space 75776K, 0% used [0x00000000f5500000,0x00000000f5500000,0x00000000f9f00000)
 ParOldGen       total 297984K, used 215435K [0x0000000080000000, 0x0000000092300000, 0x00000000d5580000)
  object space 297984K, 72% used [0x0000000080000000,0x000000008d262ec0,0x0000000092300000)
 Metaspace       used 100627K, capacity 102541K, committed 102872K, reserved 1134592K
  class space    used 16980K, capacity 17329K, committed 17408K, reserved 1048576K
Event: 67.612 GC heap after
Heap after GC invocations=52 (full 4):
 PSYoungGen      total 513536K, used 25617K [0x00000000d5580000, 0x00000000f9600000, 0x0000000100000000)
  eden space 446976K, 0% used [0x00000000d5580000,0x00000000d5580000,0x00000000f0a00000)
  from space 66560K, 38% used [0x00000000f5500000,0x00000000f6e04580,0x00000000f9600000)
  to   space 71680K, 0% used [0x00000000f0a00000,0x00000000f0a00000,0x00000000f5000000)
 ParOldGen       total 297984K, used 239499K [0x0000000080000000, 0x0000000092300000, 0x00000000d5580000)
  object space 297984K, 80% used [0x0000000080000000,0x000000008e9e2ec0,0x0000000092300000)
 Metaspace       used 100627K, capacity 102541K, committed 102872K, reserved 1134592K
  class space    used 16980K, capacity 17329K, committed 17408K, reserved 1048576K
}
Event: 73.416 GC heap before
{Heap before GC invocations=53 (full 4):
 PSYoungGen      total 513536K, used 472593K [0x00000000d5580000, 0x00000000f9600000, 0x0000000100000000)
  eden space 446976K, 100% used [0x00000000d5580000,0x00000000f0a00000,0x00000000f0a00000)
  from space 66560K, 38% used [0x00000000f5500000,0x00000000f6e04580,0x00000000f9600000)
  to   space 71680K, 0% used [0x00000000f0a00000,0x00000000f0a00000,0x00000000f5000000)
 ParOldGen       total 297984K, used 239499K [0x0000000080000000, 0x0000000092300000, 0x00000000d5580000)
  object space 297984K, 80% used [0x0000000080000000,0x000000008e9e2ec0,0x0000000092300000)
 Metaspace       used 102420K, capacity 104751K, committed 105048K, reserved 1136640K
  class space    used 17331K, capacity 17740K, committed 17792K, reserved 1048576K

