# JRE version: OpenJDK Runtime Environment (8.0_131-b11) (build 1.8.0_131-8u131-b11-2ubuntu1.16.04.3-b11)
# Java VM: OpenJDK 64-Bit Server VM (25.131-b11 mixed mode linux-amd64 compressed oops)
Heap:
 PSYoungGen      total 641024K, used 0K [0x00000000d5580000, 0x00000000fff00000, 0x0000000100000000)
  eden space 583680K, 0% used [0x00000000d5580000,0x00000000d5580000,0x00000000f8f80000)
  from space 57344K, 0% used [0x00000000fc700000,0x00000000fc700000,0x00000000fff00000)
  to   space 56832K, 0% used [0x00000000f8f80000,0x00000000f8f80000,0x00000000fc700000)
 ParOldGen       total 223744K, used 187754K [0x0000000080000000, 0x000000008da80000, 0x00000000d5580000)
  object space 223744K, 83% used [0x0000000080000000,0x000000008b75a958,0x000000008da80000)
 Metaspace       used 125046K, capacity 126686K, committed 127552K, reserved 1157120K
  class space    used 20230K, capacity 20547K, committed 20864K, reserved 1048576K
GC Heap History (10 events):
Event: 56.384 GC heap after
Heap after GC invocations=22 (full 4):
 PSYoungGen      total 635904K, used 512K [0x00000000d5580000, 0x0000000100000000, 0x0000000100000000)
  eden space 572928K, 0% used [0x00000000d5580000,0x00000000d5580000,0x00000000f8500000)
  from space 62976K, 0% used [0x00000000fc280000,0x00000000fc300000,0x0000000100000000)
  to   space 62976K, 0% used [0x00000000f8500000,0x00000000f8500000,0x00000000fc280000)
 ParOldGen       total 223744K, used 139146K [0x0000000080000000, 0x000000008da80000, 0x00000000d5580000)
  object space 223744K, 62% used [0x0000000080000000,0x00000000887e29d8,0x000000008da80000)
 Metaspace       used 117904K, capacity 118702K, committed 119232K, reserved 1148928K
  class space    used 18953K, capacity 19186K, committed 19200K, reserved 1048576K
}
Event: 63.142 GC heap before
{Heap before GC invocations=23 (full 4):
 PSYoungGen      total 635904K, used 573440K [0x00000000d5580000, 0x0000000100000000, 0x0000000100000000)
  eden space 572928K, 100% used [0x00000000d5580000,0x00000000f8500000,0x00000000f8500000)
  from space 62976K, 0% used [0x00000000fc280000,0x00000000fc300000,0x0000000100000000)
  to   space 62976K, 0% used [0x00000000f8500000,0x00000000f8500000,0x00000000fc280000)
 ParOldGen       total 223744K, used 139146K [0x0000000080000000, 0x000000008da80000, 0x00000000d5580000)
  object space 223744K, 62% used [0x0000000080000000,0x00000000887e29d8,0x000000008da80000)
 Metaspace       used 121468K, capacity 122576K, committed 123072K, reserved 1153024K
  class space    used 19616K, capacity 19885K, committed 19968K, reserved 1048576K
Event: 63.173 GC heap after
Heap after GC invocations=23 (full 4):
 PSYoungGen      total 589312K, used 16380K [0x00000000d5580000, 0x00000000ff900000, 0x0000000100000000)
  eden space 572928K, 0% used [0x00000000d5580000,0x00000000d5580000,0x00000000f8500000)
  from space 16384K, 99% used [0x00000000f8500000,0x00000000f94ff168,0x00000000f9500000)
  to   space 59392K, 0% used [0x00000000fbf00000,0x00000000fbf00000,0x00000000ff900000)
 ParOldGen       total 223744K, used 139514K [0x0000000080000000, 0x000000008da80000, 0x00000000d5580000)
  object space 223744K, 62% used [0x0000000080000000,0x000000008883e9d8,0x000000008da80000)
 Metaspace       used 121468K, capacity 122576K, committed 123072K, reserved 1153024K
  class space    used 19616K, capacity 19885K, committed 19968K, reserved 1048576K
}
Event: 67.027 GC heap before
{Heap before GC invocations=24 (full 4):
 PSYoungGen      total 589312K, used 589308K [0x00000000d5580000, 0x00000000ff900000, 0x0000000100000000)
  eden space 572928K, 100% used [0x00000000d5580000,0x00000000f8500000,0x00000000f8500000)
  from space 16384K, 99% used [0x00000000f8500000,0x00000000f94ff168,0x00000000f9500000)
  to   space 59392K, 0% used [0x00000000fbf00000,0x00000000fbf00000,0x00000000ff900000)
 ParOldGen       total 223744K, used 139514K [0x0000000080000000, 0x000000008da80000, 0x00000000d5580000)
  object space 223744K, 62% used [0x0000000080000000,0x000000008883e9d8,0x000000008da80000)
 Metaspace       used 124129K, capacity 125636K, committed 125888K, reserved 1155072K
  class space    used 20080K, capacity 20411K, committed 20480K, reserved 1048576K
Event: 67.070 GC heap after
Heap after GC invocations=24 (full 4):
 PSYoungGen      total 634880K, used 24320K [0x00000000d5580000, 0x0000000100000000, 0x0000000100000000)
  eden space 575488K, 0% used [0x00000000d5580000,0x00000000d5580000,0x00000000f8780000)
  from space 59392K, 40% used [0x00000000fbf00000,0x00000000fd6c0020,0x00000000ff900000)
  to   space 56832K, 0% used [0x00000000f8780000,0x00000000f8780000,0x00000000fbf00000)
 ParOldGen       total 223744K, used 155470K [0x0000000080000000, 0x000000008da80000, 0x00000000d5580000)
  object space 223744K, 69% used [0x0000000080000000,0x00000000897d39f8,0x000000008da80000)
 Metaspace       used 124129K, capacity 125636K, committed 125888K, reserved 1155072K
  class space    used 20080K, capacity 20411K, committed 20480K, reserved 1048576K
}
Event: 69.120 GC heap before
{Heap before GC invocations=25 (full 4):
 PSYoungGen      total 634880K, used 599808K [0x00000000d5580000, 0x0000000100000000, 0x0000000100000000)
  eden space 575488K, 100% used [0x00000000d5580000,0x00000000f8780000,0x00000000f8780000)
  from space 59392K, 40% used [0x00000000fbf00000,0x00000000fd6c0020,0x00000000ff900000)
  to   space 56832K, 0% used [0x00000000f8780000,0x00000000f8780000,0x00000000fbf00000)
 ParOldGen       total 223744K, used 155470K [0x0000000080000000, 0x000000008da80000, 0x00000000d5580000)
  object space 223744K, 69% used [0x0000000080000000,0x00000000897d39f8,0x000000008da80000)
 Metaspace       used 124326K, capacity 125906K, committed 126144K, reserved 1155072K
  class space    used 20113K, capacity 20424K, committed 20480K, reserved 1048576K
Event: 69.180 GC heap after
Heap after GC invocations=25 (full 4):
 PSYoungGen      total 632320K, used 32416K [0x00000000d5580000, 0x00000000fff80000, 0x0000000100000000)
  eden space 575488K, 0% used [0x00000000d5580000,0x00000000d5580000,0x00000000f8780000)
  from space 56832K, 57% used [0x00000000f8780000,0x00000000fa728000,0x00000000fbf00000)
  to   space 57856K, 0% used [0x00000000fc700000,0x00000000fc700000,0x00000000fff80000)
 ParOldGen       total 223744K, used 179660K [0x0000000080000000, 0x000000008da80000, 0x00000000d5580000)
  object space 223744K, 80% used [0x0000000080000000,0x000000008af73268,0x000000008da80000)
 Metaspace       used 124326K, capacity 125906K, committed 126144K, reserved 1155072K
  class space    used 20113K, capacity 20424K, committed 20480K, reserved 1048576K
}
Event: 74.675 GC heap before
{Heap before GC invocations=26 (full 4):
 PSYoungGen      total 632320K, used 607904K [0x00000000d5580000, 0x00000000fff80000, 0x0000000100000000)
  eden space 575488K, 100% used [0x00000000d5580000,0x00000000f8780000,0x00000000f8780000)
  from space 56832K, 57% used [0x00000000f8780000,0x00000000fa728000,0x00000000fbf00000)
  to   space 57856K, 0% used [0x00000000fc700000,0x00000000fc700000,0x00000000fff80000)
 ParOldGen       total 223744K, used 179660K [0x0000000080000000, 0x000000008da80000, 0x00000000d5580000)
  object space 223744K, 80% used [0x0000000080000000,0x000000008af73268,0x000000008da80000)
 Metaspace       used 125653K, capacity 127352K, committed 127552K, reserved 1157120K
  class space    used 20410K, capacity 20745K, committed 20864K, reserved 1048576K
Event: 75.419 GC heap after
Heap after GC invocations=26 (full 4):
 PSYoungGen      total 641024K, used 29440K [0x00000000d5580000, 0x00000000fff00000, 0x0000000100000000)
  eden space 583680K, 0% used [0x00000000d5580000,0x00000000d5580000,0x00000000f8f80000)
  from space 57344K, 51% used [0x00000000fc700000,0x00000000fe3c0000,0x00000000fff00000)
  to   space 56832K, 0% used [0x00000000f8f80000,0x00000000f8f80000,0x00000000fc700000)
 ParOldGen       total 223744K, used 212084K [0x0000000080000000, 0x000000008da80000, 0x00000000d5580000)
  object space 223744K, 94% used [0x0000000080000000,0x000000008cf1d268,0x000000008da80000)
 Metaspace       used 125653K, capacity 127352K, committed 127552K, reserved 1157120K
  class space    used 20410K, capacity 20745K, committed 20864K, reserved 1048576K
}
Event: 75.518 GC heap before
{Heap before GC invocations=27 (full 5):
 PSYoungGen      total 641024K, used 29440K [0x00000000d5580000, 0x00000000fff00000, 0x0000000100000000)
  eden space 583680K, 0% used [0x00000000d5580000,0x00000000d5580000,0x00000000f8f80000)
  from space 57344K, 51% used [0x00000000fc700000,0x00000000fe3c0000,0x00000000fff00000)
  to   space 56832K, 0% used [0x00000000f8f80000,0x00000000f8f80000,0x00000000fc700000)
 ParOldGen       total 223744K, used 212084K [0x0000000080000000, 0x000000008da80000, 0x00000000d5580000)
  object space 223744K, 94% used [0x0000000080000000,0x000000008cf1d268,0x000000008da80000)
 Metaspace       used 125653K, capacity 127352K, committed 127552K, reserved 1157120K
  class space    used 20410K, capacity 20745K, committed 20864K, reserved 1048576K

